<?xml version="1.0" encoding="UTF-8"?>
<!-- Generated by org.testng.reporters.JUnitReportReporter -->
<testsuite hostname="hp-PC" name="testPage.LoginScript" tests="3" failures="0" timestamp="19 Aug 2020 14:38:32 GMT" time="20.227" errors="0">
  <testcase name="LoginToTheApplication" time="4.523" classname="testPage.LoginScript"/>
  <testcase name="LaunchApplication" time="15.052" classname="testPage.LoginScript"/>
  <testcase name="quitTheBrowser" time="0.652" classname="testPage.LoginScript"/>
</testsuite> <!-- testPage.LoginScript -->
